yandexmapkitsample/build/outputs/logs/manifest-merger-debug-report.txt
-- Merging decision tree log ---
manifest
ADDED from src\main\AndroidManifest.xml:2:1-164:12
	package
		ADDED from src\main\AndroidManifest.xml:3:5-28
		INJECTED from src\main\AndroidManifest.xml
		INJECTED from src\main\AndroidManifest.xml
	android:versionName
		ADDED from src\main\AndroidManifest.xml:5:5-30
	android:versionCode
		ADDED from src\main\AndroidManifest.xml:4:5-28
		INJECTED from src\main\AndroidManifest.xml
		INJECTED from src\main\AndroidManifest.xml
	xmlns:android
		ADDED from src\main\AndroidManifest.xml:2:11-69
uses-sdk
ADDED from src\main\AndroidManifest.xml:7:5-43
MERGED from [yandexmapkit-sample:yandexmapkitlibrary:unspecified] AndroidManifest.xml:7:5-9:40
	android:targetSdkVersion
		INJECTED from src\main\AndroidManifest.xml
		INJECTED from src\main\AndroidManifest.xml
	android:minSdkVersion
		ADDED from src\main\AndroidManifest.xml:7:15-40
		INJECTED from src\main\AndroidManifest.xml
		INJECTED from src\main\AndroidManifest.xml
uses-permission#android.permission.INTERNET
ADDED from src\main\AndroidManifest.xml:9:5-67
MERGED from [yandexmapkit-sample:yandexmapkitlibrary:unspecified] AndroidManifest.xml:16:5-67
	android:name
		ADDED from src\main\AndroidManifest.xml:9:22-64
uses-permission#android.permission.ACCESS_COARSE_LOCATION
ADDED from src\main\AndroidManifest.xml:10:5-81
MERGED from [yandexmapkit-sample:yandexmapkitlibrary:unspecified] AndroidManifest.xml:20:5-81
	android:name
		ADDED from src\main\AndroidManifest.xml:10:22-78
uses-permission#android.permission.ACCESS_FINE_LOCATION
ADDED from src\main\AndroidManifest.xml:11:5-79
MERGED from [yandexmapkit-sample:yandexmapkitlibrary:unspecified] AndroidManifest.xml:17:5-79
	android:name
		ADDED from src\main\AndroidManifest.xml:11:22-76
uses-permission#android.permission.WRITE_EXTERNAL_STORAGE
ADDED from src\main\AndroidManifest.xml:12:5-81
MERGED from [yandexmapkit-sample:yandexmapkitlibrary:unspecified] AndroidManifest.xml:18:5-81
	android:name
		ADDED from src\main\AndroidManifest.xml:12:22-78
uses-permission#android.permission.ACCESS_NETWORK_STATE
ADDED from src\main\AndroidManifest.xml:13:5-79
MERGED from [yandexmapkit-sample:yandexmapkitlibrary:unspecified] AndroidManifest.xml:19:5-79
	android:name
		ADDED from src\main\AndroidManifest.xml:13:22-76
uses-permission#android.permission.ACCESS_WIFI_STATE
ADDED from src\main\AndroidManifest.xml:14:5-76
MERGED from [yandexmapkit-sample:yandexmapkitlibrary:unspecified] AndroidManifest.xml:21:5-76
	android:name
		ADDED from src\main\AndroidManifest.xml:14:22-73
uses-permission#android.permission.CHANGE_WIFI_STATE
ADDED from src\main\AndroidManifest.xml:15:5-76
MERGED from [yandexmapkit-sample:yandexmapkitlibrary:unspecified] AndroidManifest.xml:22:5-76
	android:name
		ADDED from src\main\AndroidManifest.xml:15:22-73
uses-permission#android.permission.READ_PHONE_STATE
ADDED from src\main\AndroidManifest.xml:16:5-75
MERGED from [yandexmapkit-sample:yandexmapkitlibrary:unspecified] AndroidManifest.xml:23:5-75
	android:name
		ADDED from src\main\AndroidManifest.xml:16:22-72
uses-permission#android.permission.WRITE_SETTINGS
ADDED from src\main\AndroidManifest.xml:17:5-73
	android:name
		ADDED from src\main\AndroidManifest.xml:17:22-70
application
ADDED from src\main\AndroidManifest.xml:21:5-162:19
	android:label
		ADDED from src\main\AndroidManifest.xml:23:9-41
	android:icon
		ADDED from src\main\AndroidManifest.xml:22:9-38
activity#ru.mapkittest.YandexMapKitSampleActivity
ADDED from src\main\AndroidManifest.xml:24:9-32:20
	android:label
		ADDED from src\main\AndroidManifest.xml:26:13-45
	android:name
		ADDED from src\main\AndroidManifest.xml:25:13-55
intent-filter#android.intent.action.MAIN+android.intent.category.LAUNCHER
ADDED from src\main\AndroidManifest.xml:27:13-31:29
action#android.intent.action.MAIN
ADDED from src\main\AndroidManifest.xml:28:17-69
	android:name
		ADDED from src\main\AndroidManifest.xml:28:25-66
category#android.intent.category.LAUNCHER
ADDED from src\main\AndroidManifest.xml:30:17-77
	android:name
		ADDED from src\main\AndroidManifest.xml:30:27-74
activity#ru.mapkittest.defaultoverlay.DefaultOverlayActivity
ADDED from src\main\AndroidManifest.xml:33:9-41:20
	android:label
		ADDED from src\main\AndroidManifest.xml:35:13-44
	android:name
		ADDED from src\main\AndroidManifest.xml:34:13-66
intent-filter#android.intent.action.MAIN+yandex.intent.category.MAPKIT
ADDED from src\main\AndroidManifest.xml:36:13-40:29
category#yandex.intent.category.MAPKIT
ADDED from src\main\AndroidManifest.xml:39:17-74
	android:name
		ADDED from src\main\AndroidManifest.xml:39:27-71
activity#ru.mapkittest.balloonoverlay.two.BalloonOverlayActivity
ADDED from src\main\AndroidManifest.xml:42:9-50:20
	android:label
		ADDED from src\main\AndroidManifest.xml:44:13-47
	android:name
		ADDED from src\main\AndroidManifest.xml:43:13-70
activity#ru.mapkittest.customoverlay.CustomOverlayActivity
ADDED from src\main\AndroidManifest.xml:51:9-59:20
	android:label
		ADDED from src\main\AndroidManifest.xml:53:13-44
	android:name
		ADDED from src\main\AndroidManifest.xml:52:13-64
activity#ru.mapkittest.draggableoverlay.DraggableOverlayActivity
ADDED from src\main\AndroidManifest.xml:60:9-68:20
	android:label
		ADDED from src\main\AndroidManifest.xml:62:13-44
	android:name
		ADDED from src\main\AndroidManifest.xml:61:13-70
activity#ru.mapkittest.jams.JamsActivity
ADDED from src\main\AndroidManifest.xml:69:9-77:20
	android:label
		ADDED from src\main\AndroidManifest.xml:71:13-44
	android:name
		ADDED from src\main\AndroidManifest.xml:70:13-46
activity#ru.mapkittest.maplayers.MapLayersActivity
ADDED from src\main\AndroidManifest.xml:78:9-86:20
	android:label
		ADDED from src\main\AndroidManifest.xml:80:13-44
	android:name
		ADDED from src\main\AndroidManifest.xml:79:13-56
activity#ru.mapkittest.maphd.MapHDTilesActivity
ADDED from src\main\AndroidManifest.xml:87:9-95:20
	android:label
		ADDED from src\main\AndroidManifest.xml:89:13-44
	android:name
		ADDED from src\main\AndroidManifest.xml:88:13-53
activity#ru.mapkittest.mapevent.MapEventActivity
ADDED from src\main\AndroidManifest.xml:96:9-104:20
	android:label
		ADDED from src\main\AndroidManifest.xml:98:13-44
	android:name
		ADDED from src\main\AndroidManifest.xml:97:13-54
activity#ru.mapkittest.scrollview.MapScrollViewActivity
ADDED from src\main\AndroidManifest.xml:105:9-113:20
	android:label
		ADDED from src\main\AndroidManifest.xml:107:13-44
	android:name
		ADDED from src\main\AndroidManifest.xml:106:13-61
activity#ru.mapkittest.listview.MapListViewActivity
ADDED from src\main\AndroidManifest.xml:114:9-122:20
	android:label
		ADDED from src\main\AndroidManifest.xml:116:13-45
	android:name
		ADDED from src\main\AndroidManifest.xml:115:13-57
activity#ru.mapkittest.mylocation.MapMyLocationChangeActivity
ADDED from src\main\AndroidManifest.xml:123:9-131:20
	android:label
		ADDED from src\main\AndroidManifest.xml:125:13-45
	android:name
		ADDED from src\main\AndroidManifest.xml:124:13-67
activity#ru.mapkittest.path.MapPathActivity
ADDED from src\main\AndroidManifest.xml:132:9-140:20
	android:label
		ADDED from src\main\AndroidManifest.xml:134:13-45
	android:name
		ADDED from src\main\AndroidManifest.xml:133:13-49
activity#ru.mapkittest.geocode.MapGeoCodeActivity
ADDED from src\main\AndroidManifest.xml:141:9-149:20
	android:label
		ADDED from src\main\AndroidManifest.xml:143:13-45
	android:name
		ADDED from src\main\AndroidManifest.xml:142:13-55
activity#ru.mapkittest.zoomspan.ZoomSpanActivity
ADDED from src\main\AndroidManifest.xml:152:11-160:20
	android:label
		ADDED from src\main\AndroidManifest.xml:154:13-45
	android:name
		ADDED from src\main\AndroidManifest.xml:153:13-54
supports-screens
ADDED from [yandexmapkit-sample:yandexmapkitlibrary:unspecified] AndroidManifest.xml:11:5-14:39
	android:largeScreens
		ADDED from [yandexmapkit-sample:yandexmapkitlibrary:unspecified] AndroidManifest.xml:12:9-36
	android:smallScreens
		ADDED from [yandexmapkit-sample:yandexmapkitlibrary:unspecified] AndroidManifest.xml:14:9-36
	android:normalScreens
		ADDED from [yandexmapkit-sample:yandexmapkitlibrary:unspecified] AndroidManifest.xml:13:9-37
uses-permission#android.permission.VIBRATE
ADDED from [yandexmapkit-sample:yandexmapkitlibrary:unspecified] AndroidManifest.xml:24:5-66
	android:name
		ADDED from [yandexmapkit-sample:yandexmapkitlibrary:unspecified] AndroidManifest.xml:24:22-63